<?xml version="1.0" encoding="UTF-8"?>
<!-- Generated by org.testng.reporters.JUnitXMLReporter -->
<testsuite ignored="0" hostname="SWWAPNILL" failures="1" tests="2" name="Test" time="25.833" errors="0" timestamp="2025-06-21T19:14:22 IST">
  <testcase classname="testCases.TC001_AccountResgistrationTest" name="verify_account_registration" time="3.082"/>
  <testcase classname="testCases.TC002_LoginTest" name="verify_login" time="14.617">
    <failure type="java.lang.AssertionError" message="expected [true] but found [false]">
      <![CDATA[java.lang.AssertionError: expected [true] but found [false]
at testCases.TC002_LoginTest.verify_login(TC002_LoginTest.java:36)
at java.base/java.util.ArrayList.forEach(ArrayList.java:1511)
... Removed 31 stack frames]]>
    </failure>
  </testcase> <!-- verify_login -->
</testsuite> <!-- Test -->
